1629990828722:help
1629990831145:echo
1629991006514:start
1629991136144:stop
1629991278541:start
1629991283687:echo
1629991349105:start
1629991351854:echo
1629991402638:start
1629991404832:echo
1630075205448:connect
1630075208127:start
1630075217913:start deploy
1630075333928:deploy1
1630075342110:start deploy2
1630075351442:stop
1630075377090:start deploy1
1630075415781:echo
1630075459446:clear
1630075462969:clean
1630075466076:help
1630075472991:clear
1630075481770:echo
1630075729830:start
1630075733879:start deploy1
1630075743513:start deploy2
1630075754307:echo
1630075958324:start deploy1
1630075963005:deploy2
1630075967978:start deploy2
1630076019581:echo
1630076068335:echo
1630076229044:start
1630076232669:start deploy1
1630076241340:start deploy2
1630076248858:purchase B001
1630076267843:purchase B002
1630076451039:stacktrace
1630076524678:purchase B001
1630076618445:purchase B002
1630156719750:start deploy1
1630156782649:start deploy2
1630156821815:purchase B001
1630157169950:purchase B002
1630157290461:start deploy1
1630157298858:start deploy2
1630157306451:purchase B001
1630237801298:start deploy2
1630237806465:start deploy1
1630237814126:purchase B001
1630241595487:purchase B002
1630241601981:purchase B001
1630819868022:start
1630819876422:start deploy2
1630819883493:start deploy1
1630819896243:purchase B001
1631461814571:start deploy1
1631461820169:start deploy2
1631461826980:purchase B001
1632321083211:start deploy1
1632321089983:start deploy2
1632321115791:purchase B001
1632326218231:start deploy1
1632326224939:start deploy2
1632326239918:purchase B001
